Arguments: 
  C:\Program Files\nodejs\node.exe C:\Users\Dan\AppData\Roaming\npm\node_modules\yarn\bin\yarn.js add --save react-redux

PATH: 
  C:\Users\Dan\bin;C:\Program Files\Git\mingw64\bin;C:\Program Files\Git\usr\local\bin;C:\Program Files\Git\usr\bin;C:\Program Files\Git\usr\bin;C:\Program Files\Git\mingw64\bin;C:\Program Files\Git\usr\bin;C:\Users\Dan\bin;C:\Program Files (x86)\Razer Chroma SDK\bin;C:\Program Files\Razer Chroma SDK\bin;C:\Program Files\Docker\Docker\Resources\bin;C:\ProgramData\Oracle\Java\javapath;C:\Program Files (x86)\Intel\iCLS Client;C:\Program Files\Intel\iCLS Client;C:\Windows\system32;C:\Windows;C:\Windows\System32\Wbem;C:\Windows\System32\WindowsPowerShell\v1.0;C:\Program Files (x86)\ATI Technologies\ATI.ACE\Core-Static;C:\Program Files\Intel\Intel(R) Management Engine Components\DAL;C:\Program Files (x86)\Intel\Intel(R) Management Engine Components\DAL;C:\Program Files\Intel\Intel(R) Management Engine Components\IPT;C:\Program Files (x86)\Intel\Intel(R) Management Engine Components\IPT;C:\Program Files (x86)\NVIDIA Corporation\PhysX\Common;C:\Program Files (x86)\QuickTime\QTSystem;C:\WINDOWS\system32;C:\WINDOWS;C:\WINDOWS\System32\Wbem;C:\WINDOWS\System32\WindowsPowerShell\v1.0;C:\Program Files (x86)\Subversion\bin;C:\Program Files\TortoiseSVN\bin;C:\Program Files\Git\cmd;C:\Program Files\PuTTY;C:\Program Files (x86)\Skype\Phone;C:\Program Files\Google\Google Apps Sync;C:\Program Files\Google\Google Apps Migration;C:\Users\Dan\AppData\Roaming\nvm;C:\Program Files\nodejs;C:\Users\Dan\AppData\Local\Programs\Python\Python36-32\Scripts;C:\Users\Dan\AppData\Local\Programs\Python\Python36-32;C:\Users\Dan\AppData\Local\Microsoft\WindowsApps;C:\Program Files\Heroku\bin;C:\Users\Dan\AppData\Roaming\npm;C:\Python27;C:\Program Files (x86)\Razer Chroma SDK\bi;C:\Program Files\Razer Chroma SDK\bin;C:\Program Files\Docker\Docker\Resources\bin;C:\ProgramData\Oracle\Java\javapath;C:\Program Files (x86)\Intel\iCLS Client;C:\Program Files\Intel\iCLS Client;C:\Windows\system32;C:\Windows;C:\Windows\System32\Wbem;C:\Windows\System32\WindowsPowerShell\v1.0;C:\Program Files (x86)\ATI Technologies\ATI.ACE\Core-Static;C:\Program Files\Intel\Intel(R) Management Engine Components\DAL;C:\Program Files (x86)\Intel\Intel(R) Management Engine Components\DAL;C:\Program Files\Intel\Intel(R) Management Engine Components\IPT;C:\Program Files (x86)\Intel\Intel(R) Management Engine Components\IPT;C:\Program Files (x86)\NVIDIA Corporation\PhysX\Common;C:\Program Files (x86)\QuickTime\QTSystem;C:\WINDOWS\system32;C:\WINDOWS;C:\WINDOWS\System32\Wbem;C:\WINDOWS\System32\WindowsPowerShell\v1.0;C:\Program Files (x86)\Subversion\bin;C:\Program Files\TortoiseSVN\bin;C:\Program Files\Git\cmd;C:\Program Files\PuTTY;C:\Program Files (x86)\Skype\Phone;C:\Program Files\Google\Google Apps Sync;C:\Program Files\Google\Google Apps Migration;C:\Users\Dan\AppData\Roaming\nvm;C:\Program Files\nodejs;C:\Users\Dan\AppData\Local\Programs\Python\Python36-32\Scripts;C:\Users\Dan\AppData\Local\Programs\Python\Python36-32;C:\Users\Dan\AppData\Local\Microsoft\WindowsApps;C:\Program Files\Heroku\bin;C:\Users\Dan\AppData\Roaming\npm;C:\Python27;%Path;C:\Users\Dan\AppData\Local\Android\sdk\platform-tools;C:\Users\Dan\AppData\Local\Android\sdk\tools";C:\Program Files\dotnet;C:\Program Files\Microsoft SQL Server\130\Tools\Binn;C:\Users\Dan\AppData\Roaming\np;C:\Program Files\nodejs";C:\Program Files\nodejs;C:\WINDOWS\system32;C:\WINDOWS;C:\WINDOWS\System32\Wbem;C:\WINDOWS\System32\WindowsPowerShell\v1.0;C:\Program Files (x86)\Razer Chroma SDK\bi;C:\Users\Dan\AppData\Local\Android\sdk\platform-tools;C:\Users\Dan\AppData\Local\Android\sdk\tools";C:\Program Files\dotnet;C:\Program Files\Microsoft SQL Server\130\Tools\Binn;C:\Users\Dan\AppData\Roaming\np;C:\Program Files\nodejs";C:\Program Files\nodejs;C:\WINDOWS\system32;C:\WINDOWS;C:\WINDOWS\System32\Wbem;C:\WINDOWS\System32\WindowsPowerShell\v1.0;C:\Program Files (x86)\Razer Chroma SDK\bi;C:\Program Files\Git\usr\bin\vendor_perl;C:\Program Files\Git\usr\bin\core_perl

Yarn version: 
  1.5.1

Node version: 
  8.9.4

Platform: 
  win32 x64

npm manifest: 
  {
    "name": "engbook",
    "version": "0.3.0",
    "description": "blog application using react, redux, express, mongodb",
    "main": "index.js",
    "scripts": {
      "start": "cd server && npm start",
      "dev": "concurrently \"npm run client \" \"npm run server\"",
      "server": "cd server && npm run dev",
      "server:dev": "cd server && npm run dev",
      "test": "cd server && npm test",
      "test:dev:server": "cd server && npm run test dev",
      "client": "cd client && yarn start",
      "test:client": "cd client && npm test"
    },
    "repository": {
      "type": "git",
      "url": "git+https://github.com/escobard/engbook.git"
    },
    "author": "Daniel Escobar",
    "license": "MIT",
    "bugs": {
      "url": "https://github.com/escobard/engbook/issues"
    },
    "homepage": "https://github.com/escobard/engbook#readme",
    "dependencies": {
      "concurrently": "^3.5.1"
    },
    "engines": {
      "node": "8.1.1",
      "npm": "5.0.3"
    }
  }

yarn manifest: 
  No manifest

Lockfile: 
  No lockfile

Trace: 
  Error: Missing list of packages to add to your project.
      at new MessageError (C:\Users\Dan\AppData\Roaming\npm\node_modules\yarn\lib\cli.js:186:110)
      at Object.<anonymous> (C:\Users\Dan\AppData\Roaming\npm\node_modules\yarn\lib\cli.js:40587:13)
      at Generator.next (<anonymous>)
      at step (C:\Users\Dan\AppData\Roaming\npm\node_modules\yarn\lib\cli.js:98:30)
      at C:\Users\Dan\AppData\Roaming\npm\node_modules\yarn\lib\cli.js:116:14
      at new Promise (<anonymous>)
      at new F (C:\Users\Dan\AppData\Roaming\npm\node_modules\yarn\lib\cli.js:23451:28)
      at Object.<anonymous> (C:\Users\Dan\AppData\Roaming\npm\node_modules\yarn\lib\cli.js:95:12)
      at Object.run (C:\Users\Dan\AppData\Roaming\npm\node_modules\yarn\lib\cli.js:40599:19)
      at run (C:\Users\Dan\AppData\Roaming\npm\node_modules\yarn\lib\cli.js:89113:20)
