Arguments: 
  C:\Program Files\nodejs\node.exe C:\Users\Dan\AppData\Roaming\npm\node_modules\yarn\bin\yarn.js add nodemon

PATH: 
  C:\Users\Dan\bin;C:\Program Files\Git\mingw64\bin;C:\Program Files\Git\usr\local\bin;C:\Program Files\Git\usr\bin;C:\Program Files\Git\usr\bin;C:\Program Files\Git\mingw64\bin;C:\Program Files\Git\usr\bin;C:\Users\Dan\bin;C:\Program Files (x86)\Razer Chroma SDK\bin;C:\Program Files\Razer Chroma SDK\bin;C:\Program Files\Docker\Docker\Resources\bin;C:\ProgramData\Oracle\Java\javapath;C:\Program Files (x86)\Intel\iCLS Client;C:\Program Files\Intel\iCLS Client;C:\Windows\system32;C:\Windows;C:\Windows\System32\Wbem;C:\Windows\System32\WindowsPowerShell\v1.0;C:\Program Files (x86)\ATI Technologies\ATI.ACE\Core-Static;C:\Program Files\Intel\Intel(R) Management Engine Components\DAL;C:\Program Files (x86)\Intel\Intel(R) Management Engine Components\DAL;C:\Program Files\Intel\Intel(R) Management Engine Components\IPT;C:\Program Files (x86)\Intel\Intel(R) Management Engine Components\IPT;C:\Program Files (x86)\NVIDIA Corporation\PhysX\Common;C:\Program Files (x86)\QuickTime\QTSystem;C:\WINDOWS\system32;C:\WINDOWS;C:\WINDOWS\System32\Wbem;C:\WINDOWS\System32\WindowsPowerShell\v1.0;C:\Program Files (x86)\Subversion\bin;C:\Program Files\TortoiseSVN\bin;C:\Program Files\Git\cmd;C:\Program Files\PuTTY;C:\Program Files (x86)\Skype\Phone;C:\Program Files\Google\Google Apps Sync;C:\Program Files\Google\Google Apps Migration;C:\Users\Dan\AppData\Local\Programs\Python\Python36-32\Scripts;C:\Users\Dan\AppData\Local\Programs\Python\Python36-32;C:\Users\Dan\AppData\Local\Microsoft\WindowsApps;C:\Program Files\Heroku\bin;C:\Python27;C:\Program Files (x86)\Razer Chroma SDK\bi;C:\Program Files\Razer Chroma SDK\bin;C:\Program Files\Docker\Docker\Resources\bin;C:\ProgramData\Oracle\Java\javapath;C:\Program Files (x86)\Intel\iCLS Client;C:\Program Files\Intel\iCLS Client;C:\Windows\system32;C:\Windows;C:\Windows\System32\Wbem;C:\Windows\System32\WindowsPowerShell\v1.0;C:\Program Files (x86)\ATI Technologies\ATI.ACE\Core-Static;C:\Program Files\Intel\Intel(R) Management Engine Components\DAL;C:\Program Files (x86)\Intel\Intel(R) Management Engine Components\DAL;C:\Program Files\Intel\Intel(R) Management Engine Components\IPT;C:\Program Files (x86)\Intel\Intel(R) Management Engine Components\IPT;C:\Program Files (x86)\NVIDIA Corporation\PhysX\Common;C:\Program Files (x86)\QuickTime\QTSystem;C:\WINDOWS\system32;C:\WINDOWS;C:\WINDOWS\System32\Wbem;C:\WINDOWS\System32\WindowsPowerShell\v1.0;C:\Program Files (x86)\Subversion\bin;C:\Program Files\TortoiseSVN\bin;C:\Program Files\Git\cmd;C:\Program Files\PuTTY;C:\Program Files (x86)\Skype\Phone;C:\Program Files\Google\Google Apps Sync;C:\Program Files\Google\Google Apps Migration;C:\Users\Dan\AppData\Local\Programs\Python\Python36-32\Scripts;C:\Users\Dan\AppData\Local\Programs\Python\Python36-32;C:\Users\Dan\AppData\Local\Microsoft\WindowsApps;C:\Program Files\Heroku\bin;C:\Python27;%Path;C:\Users\Dan\AppData\Local\Android\sdk\platform-tools;C:\Users\Dan\AppData\Local\Android\sdk\tools";C:\Program Files\dotnet;C:\Program Files\Microsoft SQL Server\130\Tools\Binn;C:\WINDOWS\system32;C:\WINDOWS;C:\WINDOWS\System32\Wbem;C:\WINDOWS\System32\WindowsPowerShell\v1.0;C:\Program Files (x86)\Windows Kits\8.1\Windows Performance Toolkit;C:\Program Files\nodejs;C:\Program Files (x86)\Razer Chroma SDK\bi;C:\Users\Dan\AppData\Roaming\npm;C:\Users\Dan\AppData\Local\Android\sdk\platform-tools;C:\Users\Dan\AppData\Local\Android\sdk\tools";C:\Program Files\dotnet;C:\Program Files\Microsoft SQL Server\130\Tools\Binn;C:\WINDOWS\system32;C:\WINDOWS;C:\WINDOWS\System32\Wbem;C:\WINDOWS\System32\WindowsPowerShell\v1.0;C:\Program Files (x86)\Windows Kits\8.1\Windows Performance Toolkit;C:\Program Files\nodejs;C:\Program Files (x86)\Razer Chroma SDK\bi;C:\Users\Dan\AppData\Roaming\npm;C:\Program Files\Git\usr\bin\vendor_perl;C:\Program Files\Git\usr\bin\core_perl

Yarn version: 
  1.5.1

Node version: 
  8.10.0

Platform: 
  win32 x64

npm manifest: 
  {
    "name": "bloggy",
    "version": "0.0.5",
    "description": "blog application using react, redux, express, mongodb",
    "main": "index.js",
    "scripts": {
      "start": "node index.js",
      "test": "nodemon --exec mocha -R spec ./tests",
      "test:dev": "nodemon --exec \"mocha -R min ./tests\"",
      "dev": "nodemon index.js"
    },
    "repository": {
      "type": "git",
      "url": "git+https://github.com/escobard/bloggy.git"
    },
    "author": "Daniel Escobar",
    "license": "MIT",
    "bugs": {
      "url": "https://github.com/escobard/bloggy/issues"
    },
    "homepage": "https://github.com/escobard/bloggy#readme",
    "dependencies": {
      "cookie-session": "^2.0.0-beta.3",
      "express": "^4.16.2",
      "helmet": "^3.11.0",
      "mocha": "^5.0.0",
      "mongoose": "^5.0.4",
      "nodemon": "^1.14.12",
      "passport": "^0.4.0",
      "passport-google-oauth20": "^1.0.0",
      "supertest": "^3.0.0"
    },
    "engines": {
      "node": "8.1.1",
      "npm": "5.0.3"
    }
  }

yarn manifest: 
  No manifest

Lockfile: 
  No lockfile

Trace: 
  Error: Found incompatible module
      at new MessageError (C:\Users\Dan\AppData\Roaming\npm\node_modules\yarn\lib\cli.js:186:110)
      at Object.checkOne (C:\Users\Dan\AppData\Roaming\npm\node_modules\yarn\lib\cli.js:62444:11)
      at C:\Users\Dan\AppData\Roaming\npm\node_modules\yarn\lib\cli.js:22773:75
      at Generator.next (<anonymous>)
      at step (C:\Users\Dan\AppData\Roaming\npm\node_modules\yarn\lib\cli.js:98:30)
      at C:\Users\Dan\AppData\Roaming\npm\node_modules\yarn\lib\cli.js:116:14
      at new Promise (<anonymous>)
      at new F (C:\Users\Dan\AppData\Roaming\npm\node_modules\yarn\lib\cli.js:23451:28)
      at C:\Users\Dan\AppData\Roaming\npm\node_modules\yarn\lib\cli.js:95:12
      at C:\Users\Dan\AppData\Roaming\npm\node_modules\yarn\lib\cli.js:22777:27
